TN:
SF:server.js
FNF:0
FNH:0
DA:1,1
DA:2,1
DA:3,1
DA:4,1
DA:5,1
DA:6,1
DA:7,1
DA:8,1
DA:9,1
DA:10,1
DA:11,1
DA:12,1
DA:13,1
DA:14,1
DA:15,1
DA:16,1
DA:17,1
DA:18,1
DA:19,1
DA:20,1
DA:21,1
DA:22,1
DA:23,1
DA:24,1
DA:25,1
DA:26,1
DA:27,1
DA:28,1
DA:29,1
DA:30,1
DA:31,1
DA:32,1
DA:33,1
DA:34,1
DA:35,1
DA:36,1
DA:37,1
DA:38,1
DA:39,1
DA:40,1
DA:41,1
DA:42,1
DA:43,1
DA:44,1
DA:45,1
DA:46,1
DA:47,1
LF:47
LH:47
BRDA:38,0,0,1
BRF:1
BRH:1
end_of_record
TN:
SF:database\connection.js
FN:12,connectDB
FN:34,disconnectDB
FNF:2
FNH:2
FNDA:3,connectDB
FNDA:3,disconnectDB
DA:1,1
DA:2,1
DA:3,1
DA:4,1
DA:5,1
DA:6,1
DA:7,1
DA:8,1
DA:9,1
DA:10,1
DA:11,1
DA:12,1
DA:13,3
DA:14,3
DA:15,3
DA:16,3
DA:17,0
DA:18,0
DA:19,0
DA:20,0
DA:21,0
DA:22,0
DA:23,0
DA:24,0
DA:25,3
DA:26,3
DA:27,0
DA:28,0
DA:29,0
DA:30,3
DA:31,1
DA:32,1
DA:33,1
DA:34,1
DA:35,3
DA:36,3
DA:37,0
DA:38,0
DA:39,0
DA:40,3
DA:41,0
DA:42,0
DA:43,0
DA:44,3
DA:45,1
DA:46,1
DA:47,1
LF:47
LH:30
BRDA:12,0,0,3
BRDA:14,1,0,0
BRDA:17,2,0,2
BRDA:16,3,0,0
BRDA:26,4,0,0
BRDA:34,5,0,3
BRDA:36,6,0,0
BRDA:40,7,0,0
BRF:8
BRH:3
end_of_record
TN:
SF:src\models\Reservas.js
FNF:0
FNH:0
DA:1,1
DA:2,1
DA:3,1
DA:4,1
DA:5,1
DA:6,1
DA:7,1
DA:8,1
DA:9,1
DA:10,1
LF:10
LH:10
BRF:0
BRH:0
end_of_record
TN:
SF:src\models\Usuarios.js
FNF:0
FNH:0
DA:1,1
DA:2,1
DA:3,1
DA:4,1
DA:5,1
DA:6,1
DA:7,1
DA:8,1
DA:9,1
DA:10,1
DA:11,1
LF:11
LH:11
BRF:0
BRH:0
end_of_record
TN:
SF:src\routes\reservasRoutes.js
FNF:0
FNH:0
DA:1,1
DA:2,1
DA:3,1
DA:4,1
DA:5,1
DA:6,1
DA:7,3
DA:8,3
DA:9,3
DA:10,3
DA:11,1
DA:12,1
DA:13,1
DA:14,3
DA:15,1
DA:16,1
DA:17,1
DA:18,1
DA:19,1
DA:20,1
DA:21,1
DA:22,1
DA:23,1
DA:24,3
DA:25,3
DA:26,3
DA:27,3
DA:28,3
DA:29,3
DA:30,0
DA:31,0
DA:32,0
DA:33,0
DA:34,3
DA:35,3
DA:36,1
DA:37,1
DA:38,1
DA:39,1
DA:40,1
DA:41,1
DA:42,0
DA:43,0
DA:44,1
DA:45,1
DA:46,1
DA:47,1
DA:48,2
DA:49,2
DA:50,2
DA:51,1
DA:52,2
DA:53,0
DA:54,0
DA:55,1
DA:56,1
DA:57,1
DA:58,1
DA:59,1
DA:60,2
DA:61,2
DA:62,1
DA:63,1
DA:64,3
DA:65,3
DA:66,3
DA:67,3
DA:68,3
DA:69,1
DA:70,1
DA:71,1
DA:72,3
DA:73,1
DA:74,1
DA:75,1
DA:76,1
DA:77,1
DA:78,1
DA:79,1
DA:80,1
DA:81,1
DA:82,3
DA:83,3
DA:84,3
DA:85,3
DA:86,0
DA:87,0
DA:88,3
DA:89,1
DA:90,1
DA:91,1
DA:92,1
DA:93,1
DA:94,1
DA:95,1
DA:96,1
DA:97,0
DA:98,0
DA:99,0
DA:100,1
DA:101,1
DA:102,1
DA:103,1
DA:104,1
DA:105,0
DA:106,0
DA:107,1
DA:108,1
DA:109,1
LF:109
LH:94
BRDA:6,0,0,3
BRDA:10,1,0,1
BRDA:14,2,0,2
BRDA:14,3,0,1
BRDA:29,4,0,0
BRDA:37,5,0,1
BRDA:41,6,0,0
BRDA:47,7,0,2
BRDA:50,8,0,1
BRDA:52,9,0,0
BRDA:55,10,0,1
BRDA:63,11,0,3
BRDA:68,12,0,1
BRDA:72,13,0,2
BRDA:72,14,0,1
BRDA:85,15,0,0
BRDA:90,16,0,1
BRDA:96,17,0,0
BRDA:104,18,0,0
BRF:19
BRH:13
end_of_record
TN:
SF:src\routes\usuariosRoutes.js
FN:25,checkToken
FNF:1
FNH:0
FNDA:0,checkToken
DA:1,1
DA:2,1
DA:3,1
DA:4,1
DA:5,1
DA:6,1
DA:7,1
DA:8,1
DA:9,1
DA:10,1
DA:11,1
DA:12,1
DA:13,0
DA:14,0
DA:15,0
DA:16,0
DA:17,0
DA:18,0
DA:19,0
DA:20,0
DA:21,0
DA:22,0
DA:23,0
DA:24,1
DA:25,0
DA:26,0
DA:27,0
DA:28,0
DA:29,0
DA:30,0
DA:31,0
DA:32,0
DA:33,0
DA:34,0
DA:35,0
DA:36,0
DA:37,0
DA:38,0
DA:39,0
DA:40,0
DA:41,0
DA:42,0
DA:43,0
DA:44,0
DA:45,1
DA:46,1
DA:47,1
DA:48,6
DA:49,6
DA:50,6
DA:51,6
DA:52,1
DA:53,1
DA:54,1
DA:55,6
DA:56,1
DA:57,1
DA:58,1
DA:59,6
DA:60,1
DA:61,1
DA:62,1
DA:63,6
DA:64,1
DA:65,1
DA:66,1
DA:67,2
DA:68,6
DA:69,1
DA:70,1
DA:71,1
DA:72,1
DA:73,1
DA:74,1
DA:75,6
DA:76,0
DA:77,0
DA:78,0
DA:79,1
DA:80,1
DA:81,1
DA:82,1
DA:83,1
DA:84,1
DA:85,1
DA:86,1
DA:87,1
DA:88,1
DA:89,6
DA:90,6
DA:91,6
DA:92,6
DA:93,6
DA:94,0
DA:95,0
DA:96,6
DA:97,6
DA:98,1
DA:99,1
DA:100,5
DA:101,5
DA:102,5
DA:103,5
DA:104,1
DA:105,1
DA:106,1
DA:107,4
DA:108,5
DA:109,1
DA:110,1
DA:111,1
DA:112,3
DA:113,3
DA:114,3
DA:115,5
DA:116,1
DA:117,1
DA:118,1
DA:119,2
DA:120,2
DA:121,2
DA:122,5
DA:123,1
DA:124,1
DA:125,1
DA:126,1
DA:127,5
DA:128,5
DA:129,5
DA:130,5
DA:131,5
DA:132,5
DA:133,5
DA:134,5
DA:135,5
DA:136,5
DA:137,5
DA:138,5
DA:139,5
DA:140,0
DA:141,0
DA:142,5
DA:143,5
DA:144,5
DA:145,1
DA:146,1
DA:147,1
DA:148,1
LF:148
LH:110
BRDA:47,0,0,6
BRDA:51,1,0,1
BRDA:55,2,0,5
BRDA:55,3,0,1
BRDA:59,4,0,4
BRDA:59,5,0,1
BRDA:63,6,0,3
BRDA:63,7,0,1
BRDA:67,8,0,2
BRDA:68,9,0,1
BRDA:75,10,0,0
BRDA:79,11,0,1
BRDA:93,12,0,0
BRDA:99,13,0,5
BRDA:103,14,0,1
BRDA:107,15,0,4
BRDA:108,16,0,1
BRDA:112,17,0,3
BRDA:115,18,0,1
BRDA:119,19,0,2
BRDA:122,20,0,1
BRDA:139,21,0,0
BRF:22
BRH:19
end_of_record
