TN:
SF:server.js
FNF:0
FNH:0
DA:1,1
DA:2,1
DA:3,1
DA:4,1
DA:5,1
DA:6,1
DA:7,1
DA:8,1
DA:9,1
DA:10,1
DA:11,1
DA:12,1
DA:13,1
DA:14,1
DA:15,1
DA:16,1
DA:17,1
DA:18,1
DA:19,1
DA:20,1
DA:21,1
DA:22,1
DA:23,1
DA:24,1
DA:25,1
DA:26,1
DA:27,1
DA:28,1
DA:29,1
DA:30,1
DA:31,1
DA:32,1
DA:33,1
DA:34,1
DA:35,1
DA:36,1
DA:37,1
DA:38,1
DA:39,1
DA:40,1
DA:41,1
DA:42,1
DA:43,1
DA:44,1
DA:45,1
DA:46,1
DA:47,1
LF:47
LH:47
BRDA:38,0,0,1
BRF:1
BRH:1
end_of_record
TN:
SF:database\connection.js
FN:12,connectDB
FN:35,disconnectDB
FNF:2
FNH:2
FNDA:4,connectDB
FNDA:3,disconnectDB
DA:1,1
DA:2,1
DA:3,1
DA:4,1
DA:5,1
DA:6,1
DA:7,1
DA:8,1
DA:9,1
DA:10,1
DA:11,1
DA:12,1
DA:13,4
DA:14,4
DA:15,4
DA:16,4
DA:17,4
DA:18,0
DA:19,0
DA:20,0
DA:21,0
DA:22,0
DA:23,0
DA:24,0
DA:25,0
DA:26,4
DA:27,4
DA:28,0
DA:29,0
DA:30,0
DA:31,4
DA:32,1
DA:33,1
DA:34,1
DA:35,1
DA:36,3
DA:37,3
DA:38,0
DA:39,0
DA:40,0
DA:41,3
DA:42,0
DA:43,0
DA:44,0
DA:45,3
DA:46,1
DA:47,1
DA:48,1
LF:48
LH:31
BRDA:12,0,0,4
BRDA:14,1,0,0
BRDA:18,2,0,2
BRDA:17,3,0,0
BRDA:27,4,0,0
BRDA:35,5,0,3
BRDA:37,6,0,0
BRDA:41,7,0,0
BRF:8
BRH:3
end_of_record
TN:
SF:src\models\Reservas.js
FNF:0
FNH:0
DA:1,1
DA:2,1
DA:3,1
DA:4,1
DA:5,1
DA:6,1
DA:7,1
DA:8,1
DA:9,1
DA:10,1
LF:10
LH:10
BRF:0
BRH:0
end_of_record
TN:
SF:src\models\Usuarios.js
FNF:0
FNH:0
DA:1,1
DA:2,1
DA:3,1
DA:4,1
DA:5,1
DA:6,1
DA:7,1
DA:8,1
DA:9,1
DA:10,1
DA:11,1
LF:11
LH:11
BRF:0
BRH:0
end_of_record
TN:
SF:src\routes\reservasRoutes.js
FNF:0
FNH:0
DA:1,1
DA:2,1
DA:3,1
DA:4,1
DA:5,1
DA:6,1
DA:7,3
DA:8,3
DA:9,3
DA:10,3
DA:11,1
DA:12,1
DA:13,1
DA:14,3
DA:15,1
DA:16,1
DA:17,1
DA:18,1
DA:19,1
DA:20,1
DA:21,1
DA:22,1
DA:23,1
DA:24,3
DA:25,3
DA:26,3
DA:27,3
DA:28,3
DA:29,3
DA:30,0
DA:31,0
DA:32,0
DA:33,0
DA:34,3
DA:35,3
DA:36,1
DA:37,1
DA:38,1
DA:39,1
DA:40,1
DA:41,1
DA:42,0
DA:43,0
DA:44,1
DA:45,1
DA:46,1
DA:47,1
DA:48,2
DA:49,2
DA:50,2
DA:51,1
DA:52,2
DA:53,0
DA:54,0
DA:55,1
DA:56,1
DA:57,1
DA:58,1
DA:59,1
DA:60,2
DA:61,2
DA:62,1
DA:63,1
DA:64,3
DA:65,3
DA:66,3
DA:67,3
DA:68,3
DA:69,1
DA:70,1
DA:71,1
DA:72,3
DA:73,1
DA:74,1
DA:75,1
DA:76,1
DA:77,1
DA:78,1
DA:79,1
DA:80,1
DA:81,1
DA:82,3
DA:83,3
DA:84,3
DA:85,3
DA:86,0
DA:87,0
DA:88,3
DA:89,1
DA:90,1
DA:91,1
DA:92,1
DA:93,1
DA:94,1
DA:95,1
DA:96,1
DA:97,0
DA:98,0
DA:99,0
DA:100,1
DA:101,1
DA:102,1
DA:103,1
DA:104,1
DA:105,0
DA:106,0
DA:107,1
DA:108,1
DA:109,1
LF:109
LH:94
BRDA:6,0,0,3
BRDA:10,1,0,1
BRDA:14,2,0,2
BRDA:14,3,0,1
BRDA:29,4,0,0
BRDA:37,5,0,1
BRDA:41,6,0,0
BRDA:47,7,0,2
BRDA:50,8,0,1
BRDA:52,9,0,0
BRDA:55,10,0,1
BRDA:63,11,0,3
BRDA:68,12,0,1
BRDA:72,13,0,2
BRDA:72,14,0,1
BRDA:85,15,0,0
BRDA:90,16,0,1
BRDA:96,17,0,0
BRDA:104,18,0,0
BRF:19
BRH:13
end_of_record
TN:
SF:src\routes\usuariosRoutes.js
FN:25,checkToken
FNF:1
FNH:0
FNDA:0,checkToken
DA:1,1
DA:2,1
DA:3,1
DA:4,1
DA:5,1
DA:6,1
DA:7,1
DA:8,1
DA:9,1
DA:10,1
DA:11,1
DA:12,1
DA:13,0
DA:14,0
DA:15,0
DA:16,0
DA:17,0
DA:18,0
DA:19,0
DA:20,0
DA:21,0
DA:22,0
DA:23,0
DA:24,1
DA:25,0
DA:26,0
DA:27,0
DA:28,0
DA:29,0
DA:30,0
DA:31,0
DA:32,0
DA:33,0
DA:34,0
DA:35,0
DA:36,0
DA:37,0
DA:38,0
DA:39,0
DA:40,0
DA:41,0
DA:42,0
DA:43,0
DA:44,0
DA:45,1
DA:46,1
DA:47,1
DA:48,7
DA:49,7
DA:50,7
DA:51,7
DA:52,1
DA:53,1
DA:54,1
DA:55,7
DA:56,1
DA:57,1
DA:58,1
DA:59,7
DA:60,1
DA:61,1
DA:62,1
DA:63,7
DA:64,1
DA:65,1
DA:66,1
DA:67,3
DA:68,7
DA:69,1
DA:70,1
DA:71,1
DA:72,2
DA:73,2
DA:74,2
DA:75,7
DA:76,0
DA:77,0
DA:78,0
DA:79,2
DA:80,2
DA:81,2
DA:82,2
DA:83,2
DA:84,2
DA:85,2
DA:86,2
DA:87,2
DA:88,2
DA:89,7
DA:90,7
DA:91,7
DA:92,7
DA:93,7
DA:94,0
DA:95,0
DA:96,7
DA:97,7
DA:98,1
DA:99,1
DA:100,5
DA:101,5
DA:102,5
DA:103,5
DA:104,1
DA:105,1
DA:106,1
DA:107,4
DA:108,5
DA:109,1
DA:110,1
DA:111,1
DA:112,3
DA:113,3
DA:114,3
DA:115,5
DA:116,1
DA:117,1
DA:118,1
DA:119,2
DA:120,2
DA:121,2
DA:122,5
DA:123,1
DA:124,1
DA:125,1
DA:126,1
DA:127,5
DA:128,5
DA:129,5
DA:130,5
DA:131,5
DA:132,5
DA:133,5
DA:134,5
DA:135,5
DA:136,5
DA:137,5
DA:138,5
DA:139,5
DA:140,0
DA:141,0
DA:142,5
DA:143,5
DA:144,5
DA:145,1
DA:146,1
DA:147,7
DA:148,7
DA:149,7
DA:150,7
DA:151,7
DA:152,7
DA:153,0
DA:154,0
DA:155,0
DA:156,7
DA:157,7
DA:158,1
DA:159,1
DA:160,1
DA:161,6
DA:162,7
DA:163,1
DA:164,1
DA:165,1
DA:166,5
DA:167,7
DA:168,1
DA:169,1
DA:170,1
DA:171,4
DA:172,7
DA:173,1
DA:174,1
DA:175,1
DA:176,3
DA:177,7
DA:178,2
DA:179,2
DA:180,2
DA:181,1
DA:182,1
DA:183,1
DA:184,1
DA:185,1
DA:186,1
DA:187,1
DA:188,1
DA:189,1
DA:190,1
DA:191,7
DA:192,7
DA:193,7
DA:194,7
DA:195,0
DA:196,0
DA:197,7
DA:198,1
DA:199,1
DA:200,1
DA:201,1
DA:202,1
DA:203,1
DA:204,1
DA:205,0
DA:206,0
DA:207,0
DA:208,1
DA:209,1
DA:210,1
DA:211,1
DA:212,1
DA:213,1
DA:214,0
DA:215,0
DA:216,1
DA:217,1
DA:218,1
DA:219,1
DA:220,1
LF:220
LH:172
BRDA:47,0,0,7
BRDA:51,1,0,1
BRDA:55,2,0,6
BRDA:55,3,0,1
BRDA:59,4,0,5
BRDA:59,5,0,1
BRDA:63,6,0,4
BRDA:63,7,0,1
BRDA:67,8,0,3
BRDA:68,9,0,1
BRDA:72,10,0,2
BRDA:75,11,0,0
BRDA:79,12,0,2
BRDA:93,13,0,0
BRDA:99,14,0,5
BRDA:103,15,0,1
BRDA:107,16,0,4
BRDA:108,17,0,1
BRDA:112,18,0,3
BRDA:115,19,0,1
BRDA:119,20,0,2
BRDA:122,21,0,1
BRDA:139,22,0,0
BRDA:146,23,0,7
BRDA:152,24,0,0
BRDA:157,25,0,1
BRDA:161,26,0,6
BRDA:162,27,0,1
BRDA:166,28,0,5
BRDA:167,29,0,1
BRDA:171,30,0,4
BRDA:172,31,0,1
BRDA:176,32,0,3
BRDA:177,33,0,2
BRDA:181,34,0,1
BRDA:194,35,0,0
BRDA:199,36,0,1
BRDA:204,37,0,0
BRDA:213,38,0,0
BRF:39
BRH:32
end_of_record
